<?xml version="1.0" encoding="UTF-8"?>
<!-- Generated by org.testng.reporters.JUnitXMLReporter -->
<testsuite hostname="Zunairakagzi" ignored="0" name="Test" tests="4" failures="0" timestamp="14 Oct 2017 14:31:29 GMT" time="6.283" errors="0">
  <testcase name="testBody" time="4.32" classname="getRequest.GetData"/>
  <testcase name="testResponsecode" time="0.465" classname="getRequest.GetData"/>
  <testcase name="testResponsecode" time="0.367" classname="getRequest.GetData2"/>
  <testcase name="testBody" time="0.966" classname="getRequest.GetData2"/>
</testsuite> <!-- Test -->
