<?xml version="1.0" encoding="UTF-8"?>
<!-- Generated by org.testng.reporters.JUnitXMLReporter -->
<testsuite hostname="Zunairakagzi" ignored="0" name="Test" tests="4" failures="0" timestamp="14 Oct 2017 14:55:01 GMT" time="6.232" errors="0">
  <testcase name="testBody" time="4.171" classname="getRequest.GetData"/>
  <testcase name="testResponsecode" time="0.469" classname="getRequest.GetData"/>
  <testcase name="testResponsecode" time="0.422" classname="getRequest.GetData2"/>
  <testcase name="testBody" time="1.092" classname="getRequest.GetData2"/>
</testsuite> <!-- Test -->
