<?xml version="1.0" encoding="UTF-8"?>
<testsuite xmlns:xsi="http://www.w3.org/2001/XMLSchema-instance" xsi:noNamespaceSchemaLocation="https://maven.apache.org/surefire/maven-surefire-plugin/xsd/surefire-test-report.xsd" name="TestSuite" time="7.31" tests="4" errors="0" skipped="0" failures="0">
  <properties>
[...]
</properties>
  <testcase name="testBody" classname="getRequest.GetData" time="4.171"/>
  <testcase name="testResponsecode" classname="getRequest.GetData" time="0.469"/>
  <testcase name="testResponsecode" classname="getRequest.GetData2" time="0.422"/>
  <testcase name="testBody" classname="getRequest.GetData2" time="1.092"/>
</testsuite>